  Board.cpp
D:\GitKraken\continuity-chess-engine\src\Board.cpp(113,24): warning C4459: declaration of 'whiteToMove' hides global declaration
D:\GitKraken\continuity-chess-engine\src\Board.cpp(23,6): message : see declaration of 'whiteToMove'
D:\GitKraken\continuity-chess-engine\src\Board.cpp(113,37): warning C4130: '==': logical operation on address of string constant
D:\GitKraken\continuity-chess-engine\src\Board.cpp(116,27): warning C4459: declaration of 'castlingRights' hides global declaration
D:\GitKraken\continuity-chess-engine\src\Board.cpp(24,6): message : see declaration of 'castlingRights'
D:\GitKraken\continuity-chess-engine\src\Board.cpp(127,28): warning C4459: declaration of 'enPassantSquare' hides global declaration
D:\GitKraken\continuity-chess-engine\src\Board.cpp(25,6): message : see declaration of 'enPassantSquare'
D:\GitKraken\continuity-chess-engine\src\Board.cpp(128,22): warning C4130: '!=': logical operation on address of string constant
D:\GitKraken\continuity-chess-engine\src\Board.cpp(144,5): warning C4244: 'return': conversion from 'unsigned __int64' to 'char', possible loss of data
D:\GitKraken\continuity-chess-engine\src\Board.cpp(138,1): warning C4365: 'return': conversion from 'unsigned __int64' to 'char', signed/unsigned mismatch
D:\GitKraken\continuity-chess-engine\src\Board.cpp(174,24): warning C4189: 'upOne': local variable is initialized but not referenced
  Continuity.cpp
C:\Program Files (x86)\Microsoft Visual Studio\2019\Community\VC\Tools\MSVC\14.29.30133\include\limits.h(70,5): warning C4668: '__STDC_WANT_SECURE_LIB__' is not defined as a preprocessor macro, replacing with '0' for '#if/#elif'
D:\GitKraken\continuity-chess-engine\src\Continuity.cpp(10,14): warning C4100: 'argc': unreferenced formal parameter
D:\GitKraken\continuity-chess-engine\src\Continuity.cpp(28,41): warning C4100: 'board': unreferenced formal parameter
  Generating Code...
D:\GitKraken\continuity-chess-engine\src\Board.cpp(133): warning C4701: potentially uninitialized local variable 'bitboards' used
D:\GitKraken\continuity-chess-engine\src\Board.cpp(55): warning C5045: Compiler will insert Spectre mitigation for memory load if /Qspectre switch specified
D:\GitKraken\continuity-chess-engine\src\Board.cpp(52): message : index 'i' range checked by comparison on this line
D:\GitKraken\continuity-chess-engine\src\Board.cpp(55): message : feeds call on this line
  Continuity.vcxproj -> D:\GitKraken\continuity-chess-engine\build\Debug\Continuity.exe
